Using pre-set license
Built from '2020.3/staging' branch; Version is '2020.3.4f1 (0abb6314276a) revision 703331'; Using compiler version '192528614'; Build Type 'Release'
OS: 'Windows 10 Home; OS build 19042.1288; Version 2009; 64bit' Language: 'en' Physical Memory: 16306 MB
BatchMode: 1, IsHumanControllingUs: 0, StartBugReporterOnCrash: 0, Is64bit: 1, IsPro: 0

 COMMAND LINE ARGUMENTS:
D:\Program Files (x86)\Unity Hub\Unity Editor\2020.3.4f1\Editor\Unity.exe
-adb2
-batchMode
-noUpm
-name
AssetImportWorker0
-projectPath
D:/Games/Game Dev Projects/Unity Projects/Ludwig Jam
-logFile
Logs/AssetImportWorker0.log
-srvPort
57726
Successfully changed project path to: D:/Games/Game Dev Projects/Unity Projects/Ludwig Jam
D:/Games/Game Dev Projects/Unity Projects/Ludwig Jam
Using Asset Import Pipeline V2.
Refreshing native plugins compatible for Editor in 28.04 ms, found 1 plugins.
Preloading 0 native plugins for Editor in 0.00 ms.
Initialize engine version: 2020.3.4f1 (0abb6314276a)
[Subsystems] Discovering subsystems at path D:/Program Files (x86)/Unity Hub/Unity Editor/2020.3.4f1/Editor/Data/Resources/UnitySubsystems
[Subsystems] Discovering subsystems at path D:/Games/Game Dev Projects/Unity Projects/Ludwig Jam/Assets
GfxDevice: creating device client; threaded=0
Direct3D:
    Version:  Direct3D 11.0 [level 11.1]
    Renderer: NVIDIA GeForce RTX 3080 (ID=0x2206)
    Vendor:   
    VRAM:     10078 MB
    Driver:   30.0.14.9613
Initialize mono
Mono path[0] = 'D:/Program Files (x86)/Unity Hub/Unity Editor/2020.3.4f1/Editor/Data/Managed'
Mono path[1] = 'D:/Program Files (x86)/Unity Hub/Unity Editor/2020.3.4f1/Editor/Data/MonoBleedingEdge/lib/mono/unityjit'
Mono config path = 'D:/Program Files (x86)/Unity Hub/Unity Editor/2020.3.4f1/Editor/Data/MonoBleedingEdge/etc'
Using monoOptions --debugger-agent=transport=dt_socket,embedding=1,server=y,suspend=n,address=127.0.0.1:56300
Begin MonoManager ReloadAssembly
Registering precompiled unity dll's ...
Register platform support module: D:/Program Files (x86)/Unity Hub/Unity Editor/2020.3.4f1/Editor/Data/PlaybackEngines/WindowsStandaloneSupport/UnityEditor.WindowsStandalone.Extensions.dll
Registered in 0.000921 seconds.
Native extension for WindowsStandalone target not found
Refreshing native plugins compatible for Editor in 28.66 ms, found 1 plugins.
Preloading 0 native plugins for Editor in 0.00 ms.
Mono: successfully reloaded assembly
- Completed reload, in  1.605 seconds
Platform modules already initialized, skipping
Registering precompiled user dll's ...
Registered in 0.000682 seconds.
Begin MonoManager ReloadAssembly
Native extension for WindowsStandalone target not found
Refreshing native plugins compatible for Editor in 27.95 ms, found 1 plugins.
Preloading 0 native plugins for Editor in 0.00 ms.
Mono: successfully reloaded assembly
- Completed reload, in  0.709 seconds
Platform modules already initialized, skipping
========================================================================
Worker process is ready to serve import requests
Launched and connected shader compiler UnityShaderCompiler.exe after 0.02 seconds
Refreshing native plugins compatible for Editor in 0.31 ms, found 1 plugins.
Preloading 0 native plugins for Editor in 0.00 ms.
Unloading 1825 Unused Serialized files (Serialized files now loaded: 0)
System memory in use before: 86.1 MB.
System memory in use after: 86.0 MB.

Unloading 24 unused Assets to reduce memory usage. Loaded Objects now: 2273.
Total: 1.682500 ms (FindLiveObjects: 0.195200 ms CreateObjectMapping: 0.077400 ms MarkObjects: 1.302000 ms  DeleteObjects: 0.107200 ms)

========================================================================
Received Import Request.
  path: Assets/Textures/Cursor.png
  artifactKey: Guid(5b1589596006ced4d8f8b25690a2f588) Importer(815301076,1909f56bfc062723c751e8b465ee728b)
Start importing Assets/Textures/Cursor.png using Guid(5b1589596006ced4d8f8b25690a2f588) Importer(815301076,1909f56bfc062723c751e8b465ee728b)  -> (artifact id: '7e278a85c3c7cb23d1fca2cb567b40bb') in 0.068674 seconds
  Import took 0.071626 seconds .

========================================================================
Received Import Request.
  Time since last request: 11.058510 seconds.
  path: Assets/Textures/Cursor.png
  artifactKey: Guid(5b1589596006ced4d8f8b25690a2f588) Importer(815301076,1909f56bfc062723c751e8b465ee728b)
Start importing Assets/Textures/Cursor.png using Guid(5b1589596006ced4d8f8b25690a2f588) Importer(815301076,1909f56bfc062723c751e8b465ee728b)  -> (artifact id: '87f890a2e02b1c2fc64ef48779ee26c1') in 0.011580 seconds
  Import took 0.031004 seconds .

========================================================================
Received Import Request.
  Time since last request: 52.418172 seconds.
  path: Assets/Textures/Cursor.png
  artifactKey: Guid(5b1589596006ced4d8f8b25690a2f588) Importer(815301076,1909f56bfc062723c751e8b465ee728b)
Start importing Assets/Textures/Cursor.png using Guid(5b1589596006ced4d8f8b25690a2f588) Importer(815301076,1909f56bfc062723c751e8b465ee728b)  -> (artifact id: 'bc39ceb392e0648c9ccf6248c04b5e71') in 0.018423 seconds
  Import took 0.038325 seconds .

========================================================================
Received Import Request.
  Time since last request: 16.103151 seconds.
  path: Assets/Textures/Cursor.png
  artifactKey: Guid(5b1589596006ced4d8f8b25690a2f588) Importer(815301076,1909f56bfc062723c751e8b465ee728b)
Start importing Assets/Textures/Cursor.png using Guid(5b1589596006ced4d8f8b25690a2f588) Importer(815301076,1909f56bfc062723c751e8b465ee728b)  -> (artifact id: 'adb0fb8cb0c58564c2c9cc2defe2f02d') in 0.005602 seconds
  Import took 0.008072 seconds .

========================================================================
Received Import Request.
  Time since last request: 0.004004 seconds.
  path: Assets/Textures/Cursor.png
  artifactKey: Guid(5b1589596006ced4d8f8b25690a2f588) Importer(815301076,1909f56bfc062723c751e8b465ee728b)
Start importing Assets/Textures/Cursor.png using Guid(5b1589596006ced4d8f8b25690a2f588) Importer(815301076,1909f56bfc062723c751e8b465ee728b)  -> (artifact id: 'adb0fb8cb0c58564c2c9cc2defe2f02d') in 0.013858 seconds
  Import took 0.016282 seconds .

========================================================================
Received Import Request.
  Time since last request: 72.627837 seconds.
  path: Assets/Textures/Cursor.png
  artifactKey: Guid(5b1589596006ced4d8f8b25690a2f588) Importer(815301076,1909f56bfc062723c751e8b465ee728b)
Start importing Assets/Textures/Cursor.png using Guid(5b1589596006ced4d8f8b25690a2f588) Importer(815301076,1909f56bfc062723c751e8b465ee728b)  -> (artifact id: '5647a4a9a6b428af0fc4c1078445ebb1') in 0.005944 seconds
  Import took 0.009442 seconds .

========================================================================
Received Import Request.
  Time since last request: 112.505925 seconds.
  path: Assets/Textures/Cursor.png
  artifactKey: Guid(5b1589596006ced4d8f8b25690a2f588) Importer(815301076,1909f56bfc062723c751e8b465ee728b)
Start importing Assets/Textures/Cursor.png using Guid(5b1589596006ced4d8f8b25690a2f588) Importer(815301076,1909f56bfc062723c751e8b465ee728b)  -> (artifact id: '8c60c9bc07f3c64e3665e9af5495a4f1') in 0.009854 seconds
  Import took 0.040435 seconds .

========================================================================
Received Prepare
Registering precompiled user dll's ...
Registered in 0.000735 seconds.
Begin MonoManager ReloadAssembly
Native extension for WindowsStandalone target not found
Refreshing native plugins compatible for Editor in 0.31 ms, found 1 plugins.
Preloading 0 native plugins for Editor in 0.00 ms.
Mono: successfully reloaded assembly
- Completed reload, in  0.638 seconds
Platform modules already initialized, skipping
Refreshing native plugins compatible for Editor in 0.36 ms, found 1 plugins.
Preloading 0 native plugins for Editor in 0.00 ms.
Unloading 1820 Unused Serialized files (Serialized files now loaded: 0)
System memory in use before: 89.1 MB.
System memory in use after: 89.1 MB.

Unloading 12 unused Assets to reduce memory usage. Loaded Objects now: 2283.
Total: 1.706000 ms (FindLiveObjects: 0.270700 ms CreateObjectMapping: 0.121100 ms MarkObjects: 1.233200 ms  DeleteObjects: 0.080300 ms)

========================================================================
Received Prepare
Refreshing native plugins compatible for Editor in 1.38 ms, found 1 plugins.
Preloading 0 native plugins for Editor in 0.00 ms.
Unloading 10 Unused Serialized files (Serialized files now loaded: 0)
System memory in use before: 53.3 MB.
System memory in use after: 53.3 MB.

Unloading 10 unused Assets to reduce memory usage. Loaded Objects now: 2283.
Total: 1.695000 ms (FindLiveObjects: 0.180900 ms CreateObjectMapping: 0.065900 ms MarkObjects: 1.358900 ms  DeleteObjects: 0.088000 ms)

========================================================================
Received Prepare
Registering precompiled user dll's ...
Registered in 0.001036 seconds.
Begin MonoManager ReloadAssembly
Native extension for WindowsStandalone target not found
Refreshing native plugins compatible for Editor in 0.32 ms, found 1 plugins.
Preloading 0 native plugins for Editor in 0.00 ms.
Mono: successfully reloaded assembly
- Completed reload, in  0.653 seconds
Platform modules already initialized, skipping
Refreshing native plugins compatible for Editor in 0.31 ms, found 1 plugins.
Preloading 0 native plugins for Editor in 0.00 ms.
Unloading 1820 Unused Serialized files (Serialized files now loaded: 0)
System memory in use before: 89.1 MB.
System memory in use after: 89.1 MB.

Unloading 12 unused Assets to reduce memory usage. Loaded Objects now: 2287.
Total: 2.042200 ms (FindLiveObjects: 0.237000 ms CreateObjectMapping: 0.093100 ms MarkObjects: 1.612000 ms  DeleteObjects: 0.099200 ms)

========================================================================
Received Import Request.
  Time since last request: 336.591438 seconds.
  path: Assets/Fonts
  artifactKey: Guid(3c28dd886899f364f97bb6fc91922855) Importer(815301076,1909f56bfc062723c751e8b465ee728b)
Start importing Assets/Fonts using Guid(3c28dd886899f364f97bb6fc91922855) Importer(815301076,1909f56bfc062723c751e8b465ee728b)  -> (artifact id: '025d8ddad4880c1a38b586d319d152f3') in 0.007392 seconds
  Import took 0.015104 seconds .

========================================================================
Received Prepare
Registering precompiled user dll's ...
Registered in 0.000674 seconds.
Begin MonoManager ReloadAssembly
Native extension for WindowsStandalone target not found
Refreshing native plugins compatible for Editor in 0.33 ms, found 1 plugins.
Preloading 0 native plugins for Editor in 0.00 ms.
Mono: successfully reloaded assembly
- Completed reload, in  0.638 seconds
Platform modules already initialized, skipping
Refreshing native plugins compatible for Editor in 0.32 ms, found 1 plugins.
Preloading 0 native plugins for Editor in 0.00 ms.
Unloading 1820 Unused Serialized files (Serialized files now loaded: 0)
System memory in use before: 89.1 MB.
System memory in use after: 89.1 MB.

Unloading 12 unused Assets to reduce memory usage. Loaded Objects now: 2291.
Total: 1.659800 ms (FindLiveObjects: 0.192700 ms CreateObjectMapping: 0.060300 ms MarkObjects: 1.313200 ms  DeleteObjects: 0.092700 ms)

========================================================================
Received Prepare
Registering precompiled user dll's ...
Registered in 0.000922 seconds.
Begin MonoManager ReloadAssembly
Native extension for WindowsStandalone target not found
Refreshing native plugins compatible for Editor in 0.34 ms, found 1 plugins.
Preloading 0 native plugins for Editor in 0.00 ms.
Mono: successfully reloaded assembly
- Completed reload, in  0.638 seconds
Platform modules already initialized, skipping
Refreshing native plugins compatible for Editor in 0.32 ms, found 1 plugins.
Preloading 0 native plugins for Editor in 0.00 ms.
Unloading 1820 Unused Serialized files (Serialized files now loaded: 0)
System memory in use before: 89.2 MB.
System memory in use after: 89.1 MB.

Unloading 12 unused Assets to reduce memory usage. Loaded Objects now: 2295.
Total: 1.606500 ms (FindLiveObjects: 0.176400 ms CreateObjectMapping: 0.060100 ms MarkObjects: 1.278400 ms  DeleteObjects: 0.090500 ms)

AssetImportWorkerClient::OnTransportError - code=2 error=End of file
